========================
First Stage: Propagation
========================

----------------------------------
FPGA node candidate initialization
----------------------------------


------------------------------------
FPGA reachable candidate calculation
------------------------------------


---------------------------------------------
candidate of all nodes after FPGA Propagation
---------------------------------------------

==========================
Second Stage: Partitioning
==========================

----------------------------------
Fixed Node Placement
----------------------------------


----------------------------------
Neighbor of Fixed Node Placement
----------------------------------


----------------------------------
Movable Node Placement
----------------------------------

